
--- Job to_gdx.gms Start 03/04/21 12:00:53 24.9.2 r64480 WEX-WEI x86 64bit/MS Windows
GAMS 24.9.2   Copyright (C) 1987-2017 GAMS Development. All rights reserved
Licensee: Small MUD - 5 User License                     G170728:0528AO-GEN
          Universidad de Antioquia, Departmento de Ingeneria ElectriDC11351
          License for teaching and research at degree granting institutions
          License Admin: Diego Mejia, diego.mejia@udea.edu.co              
--- Starting compilation
--- to_gdx.gms(50) 2 Mb
--- Starting execution: elapsed 0:00:00.003
--- to_gdx.gms(22) 3 Mb
--- Job raw2gdx.gms Start 03/04/21 12:00:53 24.9.2 r64480 WEX-WEI x86 64bit/MS Windows
GAMS 24.9.2   Copyright (C) 1987-2017 GAMS Development. All rights reserved
Licensee: Small MUD - 5 User License                     G170728:0528AO-GEN
          Universidad de Antioquia, Departmento de Ingeneria ElectriDC11351
          License for teaching and research at degree granting institutions
          License Admin: Diego Mejia, diego.mejia@udea.edu.co              
--- Starting compilation
--- raw2gdx.gms(54) 3 Mb
*** GDXIN failed E:\PSSE\rts96_summer_wday_3.gdxraw
*** Msg: No such file or directory
--- raw2gdx.gms(193) 3 Mb 75 Errors
--- .calc_ramp_rates.gms(31) 3 Mb 103 Errors
--- raw2gdx.gms(239) 3 Mb 187 Errors
--- .calc_cost_curves.gms(166) 3 Mb 287 Errors
--- raw2gdx.gms(240) 3 Mb
--- .calc_active_limits.gms(12) 3 Mb 299 Errors
--- raw2gdx.gms(241) 3 Mb
--- .calc_reactive_limits.gms(51) 3 Mb 365 Errors
--- raw2gdx.gms(376) 3 Mb 383 Errors
--- .calc_line_limits.gms(124) 3 Mb 387 Errors
--- raw2gdx.gms(390) 3 Mb
--- GDX File E:\PSSE\rts96_summer_wday_3.gdx
--- Profile Summary (0 records processed)
--- raw2gdx.gms(390) 3 Mb 387 Errors
*** Status: Compilation error(s)
--- Job raw2gdx.gms Stop 03/04/21 12:00:53 elapsed 0:00:00.322
--- to_gdx.gms(23) 3 Mb
*** Error at line 23: Execution halted: abort 'raw2gdx failed!'
--- to_gdx.gms(23) 3 Mb 1 Error
*** Status: Execution error(s)
--- Job to_gdx.gms Stop 03/04/21 12:00:53 elapsed 0:00:00.414
Exit code = 3
